#
# There is insufficient memory for the Java Runtime Environment to continue.
# Native memory allocation (malloc) failed to allocate 32744 bytes for ChunkPool::allocate
# Possible reasons:
#   The system is out of physical RAM or swap space
#   The process is running with CompressedOops enabled, and the Java Heap may be blocking the growth of the native heap
# Possible solutions:
#   Reduce memory load on the system
#   Increase physical memory or swap space
#   Check if swap backing store is full
#   Decrease Java heap size (-Xmx/-Xms)
#   Decrease number of Java threads
#   Decrease Java thread stack sizes (-Xss)
#   Set larger code cache with -XX:ReservedCodeCacheSize=
#   JVM is running with Unscaled Compressed Oops mode in which the Java heap is
#     placed in the first 4GB address space. The Java Heap base address is the
#     maximum limit for the native heap growth. Please use -XX:HeapBaseMinAddress
#     to set the Java Heap base and to place the Java Heap above 4GB virtual address.
# This output file may be truncated or incomplete.
#
#  Out of Memory Error (arena.cpp:78), pid=10156, tid=260
#
# JRE version: Java(TM) SE Runtime Environment (17.0.1+12) (build 17.0.1+12-LTS-39)
# Java VM: Java HotSpot(TM) 64-Bit Server VM (17.0.1+12-LTS-39, mixed mode, sharing, tiered, compressed oops, compressed class ptrs, g1 gc, windows-amd64)
# No core dump will be written. Minidumps are not enabled by default on client versions of Windows
#

---------------  S U M M A R Y ------------

Command Line: -Dfile.encoding=UTF-8 -XX:+ShowCodeDetailsInExceptionMessages layoutgame.LayoutSpiel

Host: Intel(R) Core(TM) i5 CPU       M 450  @ 2.40GHz, 4 cores, 3G,  Windows 7 , 64 bit Build 7601 (6.1.7601.24408)
Time: Tue Nov  1 15:48:08 2022 Западная Европа (зима) elapsed time: 0.653387 seconds (0d 0h 0m 0s)

---------------  T H R E A D  ---------------

Current thread (0x000000001b96c6e0):  JavaThread "C1 CompilerThread0" daemon [_thread_in_native, id=260, stack(0x000000001fd70000,0x000000001fe70000)]


Current CompileTask:
C1:    653  197       3       jdk.internal.org.objectweb.asm.Frame::execute (2305 bytes)

Stack: [0x000000001fd70000,0x000000001fe70000]
Native frames: (J=compiled Java code, j=interpreted, Vv=VM code, C=native code)
V  [jvm.dll+0x66fa1a]
V  [jvm.dll+0x7ce5a4]
V  [jvm.dll+0x7cfd4e]
V  [jvm.dll+0x7d03b3]
V  [jvm.dll+0x242b05]
V  [jvm.dll+0xaa2a0]
V  [jvm.dll+0xaa5ec]
V  [jvm.dll+0x11a145]
V  [jvm.dll+0x177ab4]
V  [jvm.dll+0x178093]
V  [jvm.dll+0x1323c3]
V  [jvm.dll+0x131cbf]
V  [jvm.dll+0x131ef6]
V  [jvm.dll+0x13138a]
V  [jvm.dll+0x133051]
V  [jvm.dll+0x224848]
V  [jvm.dll+0x2229ac]
V  [jvm.dll+0x78435b]
V  [jvm.dll+0x77e91a]
V  [jvm.dll+0x66e845]
C  [ucrtbase.DLL+0x1d912]
C  [kernel32.dll+0x1555d]
C  [ntdll.dll+0x5385d]


---------------  P R O C E S S  ---------------

Threads class SMR info:
_java_thread_list=0x000000001e7033b0, length=12, elements={
0x0000000000366b80, 0x000000001b93e350, 0x000000001b940350, 0x000000001b9528f0,
0x000000001b955310, 0x000000001b955bd0, 0x000000001b95bd90, 0x000000001b95ca30,
0x000000001b96c6e0, 0x000000001b96cbf0, 0x000000001e701e90, 0x000000001e704f90
}

Java Threads: ( => current thread )
  0x0000000000366b80 JavaThread "main" [_thread_in_vm, id=9468, stack(0x00000000022a0000,0x00000000023a0000)]
  0x000000001b93e350 JavaThread "Reference Handler" daemon [_thread_blocked, id=13136, stack(0x000000001f160000,0x000000001f260000)]
  0x000000001b940350 JavaThread "Finalizer" daemon [_thread_blocked, id=13308, stack(0x000000001f270000,0x000000001f370000)]
  0x000000001b9528f0 JavaThread "Signal Dispatcher" daemon [_thread_blocked, id=13072, stack(0x000000001f3b0000,0x000000001f4b0000)]
  0x000000001b955310 JavaThread "Attach Listener" daemon [_thread_blocked, id=13740, stack(0x000000001f580000,0x000000001f680000)]
  0x000000001b955bd0 JavaThread "Service Thread" daemon [_thread_blocked, id=11752, stack(0x000000001f700000,0x000000001f800000)]
  0x000000001b95bd90 JavaThread "Monitor Deflation Thread" daemon [_thread_blocked, id=1924, stack(0x000000001f890000,0x000000001f990000)]
  0x000000001b95ca30 JavaThread "C2 CompilerThread0" daemon [_thread_blocked, id=5528, stack(0x000000001faf0000,0x000000001fbf0000)]
=>0x000000001b96c6e0 JavaThread "C1 CompilerThread0" daemon [_thread_in_native, id=260, stack(0x000000001fd70000,0x000000001fe70000)]
  0x000000001b96cbf0 JavaThread "Sweeper thread" daemon [_thread_blocked, id=4076, stack(0x000000001fe80000,0x000000001ff80000)]
  0x000000001e701e90 JavaThread "Notification Thread" daemon [_thread_blocked, id=10652, stack(0x0000000020030000,0x0000000020130000)]
  0x000000001e704f90 JavaThread "Common-Cleaner" daemon [_thread_blocked, id=14304, stack(0x0000000020200000,0x0000000020300000)]

Other Threads:
  0x000000001b939870 VMThread "VM Thread" [stack: 0x000000001e200000,0x000000001e300000] [id=11860]
  0x000000001e702b60 WatcherThread [stack: 0x000000001fc50000,0x000000001fd50000] [id=12112]
  0x0000000000398390 GCTaskThread "GC Thread#0" [stack: 0x000000001b970000,0x000000001ba70000] [id=13248]
  0x00000000003a0ba0 ConcurrentGCThread "G1 Main Marker" [stack: 0x000000001bb10000,0x000000001bc10000] [id=12228]
  0x00000000003a4080 ConcurrentGCThread "G1 Conc#0" [stack: 0x000000001bd90000,0x000000001be90000] [id=5560]
  0x000000001b880480 ConcurrentGCThread "G1 Refine#0" [stack: 0x000000001e340000,0x000000001e440000] [id=12648]
  0x00000000003edb70 ConcurrentGCThread "G1 Service" [stack: 0x000000001e460000,0x000000001e560000] [id=12732]

Threads with active compile tasks:
C1 CompilerThread0     1797  197       3       jdk.internal.org.objectweb.asm.Frame::execute (2305 bytes)

VM state: not at safepoint (normal execution)

VM Mutex/Monitor currently owned by a thread:  ([mutex/lock_event])
[0x00000000003602a0] Metaspace_lock - owner thread: 0x0000000000366b80

Heap address: 0x00000000c3200000, size: 974 MB, Compressed Oops mode: 32-bit

CDS archive(s) mapped at: [0x0000000800000000-0x0000000800bc0000-0x0000000800bc0000), size 12320768, SharedBaseAddress: 0x0000000800000000, ArchiveRelocationMode: 0.
Compressed class space mapped at: 0x0000000800c00000-0x0000000840c00000, reserved size: 1073741824
Narrow klass base: 0x0000000800000000, Narrow klass shift: 0, Narrow klass range: 0x100000000

GC Precious Log:
 CPUs: 4 total, 4 available
 Memory: 3893M
 Large Page Support: Disabled
 NUMA Support: Disabled
 Compressed Oops: Enabled (32-bit)
 Heap Region Size: 1M
 Heap Min Capacity: 8M
 Heap Initial Capacity: 62M
 Heap Max Capacity: 974M
 Pre-touch: Disabled
 Parallel Workers: 4
 Concurrent Workers: 1
 Concurrent Refinement Workers: 4
 Periodic GC: Disabled

Heap:
 garbage-first heap   total 63488K, used 1024K [0x00000000c3200000, 0x0000000100000000)
  region size 1024K, 2 young (2048K), 0 survivors (0K)
 Metaspace       used 1171K, committed 1280K, reserved 1056768K
  class space    used 109K, committed 192K, reserved 1048576K

Heap Regions: E=young(eden), S=young(survivor), O=old, HS=humongous(starts), HC=humongous(continues), CS=collection set, F=free, OA=open archive, CA=closed archive, TAMS=top-at-mark-start (previous, next)
|   0|0x00000000c3200000, 0x00000000c3200000, 0x00000000c3300000|  0%| F|  |TAMS 0x00000000c3200000, 0x00000000c3200000| Untracked 
|   1|0x00000000c3300000, 0x00000000c3300000, 0x00000000c3400000|  0%| F|  |TAMS 0x00000000c3300000, 0x00000000c3300000| Untracked 
|   2|0x00000000c3400000, 0x00000000c3400000, 0x00000000c3500000|  0%| F|  |TAMS 0x00000000c3400000, 0x00000000c3400000| Untracked 
|   3|0x00000000c3500000, 0x00000000c3500000, 0x00000000c3600000|  0%| F|  |TAMS 0x00000000c3500000, 0x00000000c3500000| Untracked 
|   4|0x00000000c3600000, 0x00000000c3600000, 0x00000000c3700000|  0%| F|  |TAMS 0x00000000c3600000, 0x00000000c3600000| Untracked 
|   5|0x00000000c3700000, 0x00000000c3700000, 0x00000000c3800000|  0%| F|  |TAMS 0x00000000c3700000, 0x00000000c3700000| Untracked 
|   6|0x00000000c3800000, 0x00000000c3800000, 0x00000000c3900000|  0%| F|  |TAMS 0x00000000c3800000, 0x00000000c3800000| Untracked 
|   7|0x00000000c3900000, 0x00000000c3900000, 0x00000000c3a00000|  0%| F|  |TAMS 0x00000000c3900000, 0x00000000c3900000| Untracked 
|   8|0x00000000c3a00000, 0x00000000c3a00000, 0x00000000c3b00000|  0%| F|  |TAMS 0x00000000c3a00000, 0x00000000c3a00000| Untracked 
|   9|0x00000000c3b00000, 0x00000000c3b00000, 0x00000000c3c00000|  0%| F|  |TAMS 0x00000000c3b00000, 0x00000000c3b00000| Untracked 
|  10|0x00000000c3c00000, 0x00000000c3c00000, 0x00000000c3d00000|  0%| F|  |TAMS 0x00000000c3c00000, 0x00000000c3c00000| Untracked 
|  11|0x00000000c3d00000, 0x00000000c3d00000, 0x00000000c3e00000|  0%| F|  |TAMS 0x00000000c3d00000, 0x00000000c3d00000| Untracked 
|  12|0x00000000c3e00000, 0x00000000c3e00000, 0x00000000c3f00000|  0%| F|  |TAMS 0x00000000c3e00000, 0x00000000c3e00000| Untracked 
|  13|0x00000000c3f00000, 0x00000000c3f00000, 0x00000000c4000000|  0%| F|  |TAMS 0x00000000c3f00000, 0x00000000c3f00000| Untracked 
|  14|0x00000000c4000000, 0x00000000c4000000, 0x00000000c4100000|  0%| F|  |TAMS 0x00000000c4000000, 0x00000000c4000000| Untracked 
|  15|0x00000000c4100000, 0x00000000c4100000, 0x00000000c4200000|  0%| F|  |TAMS 0x00000000c4100000, 0x00000000c4100000| Untracked 
|  16|0x00000000c4200000, 0x00000000c4200000, 0x00000000c4300000|  0%| F|  |TAMS 0x00000000c4200000, 0x00000000c4200000| Untracked 
|  17|0x00000000c4300000, 0x00000000c4300000, 0x00000000c4400000|  0%| F|  |TAMS 0x00000000c4300000, 0x00000000c4300000| Untracked 
|  18|0x00000000c4400000, 0x00000000c4400000, 0x00000000c4500000|  0%| F|  |TAMS 0x00000000c4400000, 0x00000000c4400000| Untracked 
|  19|0x00000000c4500000, 0x00000000c4500000, 0x00000000c4600000|  0%| F|  |TAMS 0x00000000c4500000, 0x00000000c4500000| Untracked 
|  20|0x00000000c4600000, 0x00000000c4600000, 0x00000000c4700000|  0%| F|  |TAMS 0x00000000c4600000, 0x00000000c4600000| Untracked 
|  21|0x00000000c4700000, 0x00000000c4700000, 0x00000000c4800000|  0%| F|  |TAMS 0x00000000c4700000, 0x00000000c4700000| Untracked 
|  22|0x00000000c4800000, 0x00000000c4800000, 0x00000000c4900000|  0%| F|  |TAMS 0x00000000c4800000, 0x00000000c4800000| Untracked 
|  23|0x00000000c4900000, 0x00000000c4900000, 0x00000000c4a00000|  0%| F|  |TAMS 0x00000000c4900000, 0x00000000c4900000| Untracked 
|  24|0x00000000c4a00000, 0x00000000c4a00000, 0x00000000c4b00000|  0%| F|  |TAMS 0x00000000c4a00000, 0x00000000c4a00000| Untracked 
|  25|0x00000000c4b00000, 0x00000000c4b00000, 0x00000000c4c00000|  0%| F|  |TAMS 0x00000000c4b00000, 0x00000000c4b00000| Untracked 
|  26|0x00000000c4c00000, 0x00000000c4c00000, 0x00000000c4d00000|  0%| F|  |TAMS 0x00000000c4c00000, 0x00000000c4c00000| Untracked 
|  27|0x00000000c4d00000, 0x00000000c4d00000, 0x00000000c4e00000|  0%| F|  |TAMS 0x00000000c4d00000, 0x00000000c4d00000| Untracked 
|  28|0x00000000c4e00000, 0x00000000c4e00000, 0x00000000c4f00000|  0%| F|  |TAMS 0x00000000c4e00000, 0x00000000c4e00000| Untracked 
|  29|0x00000000c4f00000, 0x00000000c4f00000, 0x00000000c5000000|  0%| F|  |TAMS 0x00000000c4f00000, 0x00000000c4f00000| Untracked 
|  30|0x00000000c5000000, 0x00000000c5000000, 0x00000000c5100000|  0%| F|  |TAMS 0x00000000c5000000, 0x00000000c5000000| Untracked 
|  31|0x00000000c5100000, 0x00000000c5100000, 0x00000000c5200000|  0%| F|  |TAMS 0x00000000c5100000, 0x00000000c5100000| Untracked 
|  32|0x00000000c5200000, 0x00000000c5200000, 0x00000000c5300000|  0%| F|  |TAMS 0x00000000c5200000, 0x00000000c5200000| Untracked 
|  33|0x00000000c5300000, 0x00000000c5300000, 0x00000000c5400000|  0%| F|  |TAMS 0x00000000c5300000, 0x00000000c5300000| Untracked 
|  34|0x00000000c5400000, 0x00000000c5400000, 0x00000000c5500000|  0%| F|  |TAMS 0x00000000c5400000, 0x00000000c5400000| Untracked 
|  35|0x00000000c5500000, 0x00000000c5500000, 0x00000000c5600000|  0%| F|  |TAMS 0x00000000c5500000, 0x00000000c5500000| Untracked 
|  36|0x00000000c5600000, 0x00000000c5600000, 0x00000000c5700000|  0%| F|  |TAMS 0x00000000c5600000, 0x00000000c5600000| Untracked 
|  37|0x00000000c5700000, 0x00000000c5700000, 0x00000000c5800000|  0%| F|  |TAMS 0x00000000c5700000, 0x00000000c5700000| Untracked 
|  38|0x00000000c5800000, 0x00000000c5800000, 0x00000000c5900000|  0%| F|  |TAMS 0x00000000c5800000, 0x00000000c5800000| Untracked 
|  39|0x00000000c5900000, 0x00000000c5900000, 0x00000000c5a00000|  0%| F|  |TAMS 0x00000000c5900000, 0x00000000c5900000| Untracked 
|  40|0x00000000c5a00000, 0x00000000c5a00000, 0x00000000c5b00000|  0%| F|  |TAMS 0x00000000c5a00000, 0x00000000c5a00000| Untracked 
|  41|0x00000000c5b00000, 0x00000000c5b00000, 0x00000000c5c00000|  0%| F|  |TAMS 0x00000000c5b00000, 0x00000000c5b00000| Untracked 
|  42|0x00000000c5c00000, 0x00000000c5c00000, 0x00000000c5d00000|  0%| F|  |TAMS 0x00000000c5c00000, 0x00000000c5c00000| Untracked 
|  43|0x00000000c5d00000, 0x00000000c5d00000, 0x00000000c5e00000|  0%| F|  |TAMS 0x00000000c5d00000, 0x00000000c5d00000| Untracked 
|  44|0x00000000c5e00000, 0x00000000c5e00000, 0x00000000c5f00000|  0%| F|  |TAMS 0x00000000c5e00000, 0x00000000c5e00000| Untracked 
|  45|0x00000000c5f00000, 0x00000000c5f00000, 0x00000000c6000000|  0%| F|  |TAMS 0x00000000c5f00000, 0x00000000c5f00000| Untracked 
|  46|0x00000000c6000000, 0x00000000c6000000, 0x00000000c6100000|  0%| F|  |TAMS 0x00000000c6000000, 0x00000000c6000000| Untracked 
|  47|0x00000000c6100000, 0x00000000c6100000, 0x00000000c6200000|  0%| F|  |TAMS 0x00000000c6100000, 0x00000000c6100000| Untracked 
|  48|0x00000000c6200000, 0x00000000c6200000, 0x00000000c6300000|  0%| F|  |TAMS 0x00000000c6200000, 0x00000000c6200000| Untracked 
|  49|0x00000000c6300000, 0x00000000c6300000, 0x00000000c6400000|  0%| F|  |TAMS 0x00000000c6300000, 0x00000000c6300000| Untracked 
|  50|0x00000000c6400000, 0x00000000c6400000, 0x00000000c6500000|  0%| F|  |TAMS 0x00000000c6400000, 0x00000000c6400000| Untracked 
|  51|0x00000000c6500000, 0x00000000c6500000, 0x00000000c6600000|  0%| F|  |TAMS 0x00000000c6500000, 0x00000000c6500000| Untracked 
|  52|0x00000000c6600000, 0x00000000c6600000, 0x00000000c6700000|  0%| F|  |TAMS 0x00000000c6600000, 0x00000000c6600000| Untracked 
|  53|0x00000000c6700000, 0x00000000c6700000, 0x00000000c6800000|  0%| F|  |TAMS 0x00000000c6700000, 0x00000000c6700000| Untracked 
|  54|0x00000000c6800000, 0x00000000c6800000, 0x00000000c6900000|  0%| F|  |TAMS 0x00000000c6800000, 0x00000000c6800000| Untracked 
|  55|0x00000000c6900000, 0x00000000c6900000, 0x00000000c6a00000|  0%| F|  |TAMS 0x00000000c6900000, 0x00000000c6900000| Untracked 
|  56|0x00000000c6a00000, 0x00000000c6a00000, 0x00000000c6b00000|  0%| F|  |TAMS 0x00000000c6a00000, 0x00000000c6a00000| Untracked 
|  57|0x00000000c6b00000, 0x00000000c6b00000, 0x00000000c6c00000|  0%| F|  |TAMS 0x00000000c6b00000, 0x00000000c6b00000| Untracked 
|  58|0x00000000c6c00000, 0x00000000c6c00000, 0x00000000c6d00000|  0%| F|  |TAMS 0x00000000c6c00000, 0x00000000c6c00000| Untracked 
|  59|0x00000000c6d00000, 0x00000000c6d00000, 0x00000000c6e00000|  0%| F|  |TAMS 0x00000000c6d00000, 0x00000000c6d00000| Untracked 
|  60|0x00000000c6e00000, 0x00000000c6ec8750, 0x00000000c6f00000| 78%| E|  |TAMS 0x00000000c6e00000, 0x00000000c6e00000| Complete 
|  61|0x00000000c6f00000, 0x00000000c7000000, 0x00000000c7000000|100%| E|CS|TAMS 0x00000000c6f00000, 0x00000000c6f00000| Complete 

Card table byte_map: [0x0000000019610000,0x0000000019800000] _byte_map_base: 0x0000000018ff7000

Marking Bits (Prev, Next): (CMBitMap*) 0x00000000003988b0, (CMBitMap*) 0x00000000003988f0
 Prev Bits: [0x00000000199f0000, 0x000000001a928000)
 Next Bits: [0x000000001a930000, 0x000000001b868000)

Polling page: 0x0000000000220000

Metaspace:

Usage:
  Non-class:      1.04 MB used.
      Class:    109.90 KB used.
       Both:      1.14 MB used.

Virtual space:
  Non-class space:        8.00 MB reserved,       1.06 MB ( 13%) committed,  1 nodes.
      Class space:        1.00 GB reserved,     192.00 KB ( <1%) committed,  1 nodes.
             Both:        1.01 GB reserved,       1.25 MB ( <1%) committed. 

Chunk freelists:
   Non-Class:  3.95 MB
       Class:  3.72 MB
        Both:  7.67 MB

MaxMetaspaceSize: unlimited
CompressedClassSpaceSize: 1.00 GB
Initial GC threshold: 21.00 MB
Current GC threshold: 21.00 MB
CDS: on
MetaspaceReclaimPolicy: balanced
 - commit_granule_bytes: 65536.
 - commit_granule_words: 8192.
 - virtual_space_node_default_size: 1048576.
 - enlarge_chunks_in_place: 1.
 - new_chunks_are_fully_committed: 0.
 - uncommit_free_chunks: 1.
 - use_allocation_guard: 0.
 - handle_deallocations: 1.


Internal statistics:

num_allocs_failed_limit: 0.
num_arena_births: 44.
num_arena_deaths: 0.
num_vsnodes_births: 2.
num_vsnodes_deaths: 0.
num_space_committed: 20.
num_space_uncommitted: 0.
num_chunks_returned_to_freelist: 0.
num_chunks_taken_from_freelist: 47.
num_chunk_merges: 0.
num_chunk_splits: 33.
num_chunks_enlarged: 20.
num_purges: 0.
num_inconsistent_stats: 0.

CodeHeap 'non-profiled nmethods': size=120000Kb used=73Kb max_used=73Kb free=119926Kb
 bounds [0x0000000011ab0000, 0x0000000011d20000, 0x0000000018fe0000]
CodeHeap 'profiled nmethods': size=120000Kb used=203Kb max_used=203Kb free=119796Kb
 bounds [0x000000000a580000, 0x000000000a7f0000, 0x0000000011ab0000]
CodeHeap 'non-nmethods': size=5760Kb used=1087Kb max_used=1099Kb free=4672Kb
 bounds [0x0000000009fe0000, 0x000000000a250000, 0x000000000a580000]
 total_blobs=564 nmethods=204 adapters=274
 compilation: enabled
              stopped_count=0, restarted_count=0
 full_count=0

Compilation events (20 events):
Event: 0.391 Thread 0x000000001b96c6e0 nmethod 185 0x000000000a5b0290 code [0x000000000a5b0460, 0x000000000a5b09e8]
Event: 0.391 Thread 0x000000001b96c6e0  187       1       java.lang.invoke.LambdaForm$BasicType::basicTypeClass (5 bytes)
Event: 0.392 Thread 0x000000001b96c6e0 nmethod 187 0x0000000011ac0390 code [0x0000000011ac0520, 0x0000000011ac05f8]
Event: 0.392 Thread 0x000000001b96c6e0  190       3       java.lang.StringBuilder::toString (35 bytes)
Event: 0.392 Thread 0x000000001b96c6e0 nmethod 190 0x000000000a5b0b90 code [0x000000000a5b0d60, 0x000000000a5b1038]
Event: 0.392 Thread 0x000000001b96c6e0  189       3       java.lang.AbstractStringBuilder::<init> (39 bytes)
Event: 0.392 Thread 0x000000001b96c6e0 nmethod 189 0x000000000a5b1110 code [0x000000000a5b12c0, 0x000000000a5b1558]
Event: 0.392 Thread 0x000000001b96c6e0  182       1       java.lang.invoke.MethodTypeForm::erasedType (5 bytes)
Event: 0.392 Thread 0x000000001b96c6e0 nmethod 182 0x0000000011ac0690 code [0x0000000011ac0820, 0x0000000011ac08f8]
Event: 0.393 Thread 0x000000001b96c6e0  191       3       java.lang.invoke.LambdaForm$Name::initIndex (26 bytes)
Event: 0.393 Thread 0x000000001b96c6e0 nmethod 191 0x000000000a5b1610 code [0x000000000a5b17a0, 0x000000000a5b1958]
Event: 0.393 Thread 0x000000001b96c6e0  194       3       java.lang.invoke.LambdaForm$BasicType::basicType (19 bytes)
Event: 0.393 Thread 0x000000001b96c6e0 nmethod 194 0x000000000a5b1a10 code [0x000000000a5b1be0, 0x000000000a5b1e38]
Event: 0.393 Thread 0x000000001b96c6e0  196       3       java.lang.invoke.LambdaForm$Name::useCount (51 bytes)
Event: 0.393 Thread 0x000000001b96c6e0 nmethod 196 0x000000000a5b1f90 code [0x000000000a5b2140, 0x000000000a5b23b8]
Event: 0.393 Thread 0x000000001b96c6e0  199       3       java.lang.invoke.MemberName::testAllFlags (7 bytes)
Event: 0.394 Thread 0x000000001b96c6e0 nmethod 199 0x000000000a5b2490 code [0x000000000a5b2620, 0x000000000a5b27f8]
Event: 0.394 Thread 0x000000001b96c6e0  200       3       jdk.internal.org.objectweb.asm.ByteVector::putShort (52 bytes)
Event: 0.394 Thread 0x000000001b96c6e0 nmethod 200 0x000000000a5b2890 code [0x000000000a5b2a40, 0x000000000a5b2c48]
Event: 0.394 Thread 0x000000001b96c6e0  197       3       jdk.internal.org.objectweb.asm.Frame::execute (2305 bytes)

GC Heap History (0 events):
No events

Deoptimization events (0 events):
No events

Classes unloaded (0 events):
No events

Classes redefined (0 events):
No events

Internal exceptions (3 events):
Event: 0.282 Thread 0x0000000000366b80 Exception <a 'java/lang/ClassNotFoundException'{0x00000000c6ffd6b0}: sun/awt/resources/spi/awtProvider> (0x00000000c6ffd6b0) 
thrown [t:\workspace\open\src\hotspot\share\classfile\systemDictionary.cpp, line 256]
Event: 0.395 Thread 0x0000000000366b80 Exception <a 'java/io/FileNotFoundException'{0x00000000c6e56dc8}> (0x00000000c6e56dc8) 
thrown [t:\workspace\open\src\hotspot\share\prims\jni.cpp, line 516]
Event: 0.405 Thread 0x0000000000366b80 Exception <a 'java/io/FileNotFoundException'{0x00000000c6e83f38}> (0x00000000c6e83f38) 
thrown [t:\workspace\open\src\hotspot\share\prims\jni.cpp, line 516]

VM Operations (0 events):
No events

Events (20 events):
Event: 0.407 loading class java/awt/AWTEvent done
Event: 0.407 loading class java/awt/event/ComponentEvent done
Event: 0.407 loading class java/awt/event/InputEvent done
Event: 0.407 loading class java/awt/AWTEvent$1
Event: 0.407 loading class sun/awt/AWTAccessor$AWTEventAccessor
Event: 0.407 loading class sun/awt/AWTAccessor$AWTEventAccessor done
Event: 0.407 loading class java/awt/AWTEvent$1 done
Event: 0.407 loading class java/awt/event/NativeLibLoader
Event: 0.408 loading class java/awt/event/NativeLibLoader done
Event: 0.408 loading class java/awt/event/NativeLibLoader$1
Event: 0.408 loading class java/awt/event/NativeLibLoader$1 done
Event: 0.408 loading class java/awt/event/InputEvent$1
Event: 0.408 loading class sun/awt/AWTAccessor$InputEventAccessor
Event: 0.408 loading class sun/awt/AWTAccessor$InputEventAccessor done
Event: 0.408 loading class java/awt/event/InputEvent$1 done
Event: 0.408 loading class sun/awt/windows/WComponentPeer
Event: 0.409 loading class java/awt/peer/ComponentPeer
Event: 0.409 loading class java/awt/peer/ComponentPeer done
Event: 0.409 loading class java/awt/dnd/peer/DropTargetPeer
Event: 0.409 loading class java/awt/dnd/peer/DropTargetPeer done


Dynamic libraries:
0x000000013fd60000 - 0x000000013fd70000 	C:\JAVA\bin\javaw.exe
0x0000000077b90000 - 0x0000000077d2f000 	C:\Windows\SYSTEM32\ntdll.dll
0x0000000077970000 - 0x0000000077a8f000 	C:\Windows\system32\kernel32.dll
0x000007fefd9d0000 - 0x000007fefda3a000 	C:\Windows\system32\KERNELBASE.dll
0x000007fefaa50000 - 0x000007fefaa68000 	C:\JAVA\bin\jli.dll
0x000007fefdc80000 - 0x000007fefdd5b000 	C:\Windows\system32\ADVAPI32.dll
0x000007feff6b0000 - 0x000007feff74f000 	C:\Windows\system32\msvcrt.dll
0x000007feffc60000 - 0x000007feffc7f000 	C:\Windows\SYSTEM32\sechost.dll
0x000007feff990000 - 0x000007feffabc000 	C:\Windows\system32\RPCRT4.dll
0x000007fefc280000 - 0x000007fefc475000 	C:\Windows\WinSxS\amd64_microsoft.windows.common-controls_6595b64144ccf1df_6.0.7601.24380_none_e3731d0b30fb6b11\COMCTL32.dll
0x000007feffbf0000 - 0x000007feffc57000 	C:\Windows\system32\GDI32.dll
0x0000000077a90000 - 0x0000000077b8a000 	C:\Windows\system32\USER32.dll
0x000007feff820000 - 0x000007feff82e000 	C:\Windows\system32\LPK.dll
0x000007feff750000 - 0x000007feff81b000 	C:\Windows\system32\USP10.dll
0x000007feffb70000 - 0x000007feffbe1000 	C:\Windows\system32\SHLWAPI.dll
0x000007fefc770000 - 0x000007fefc77c000 	C:\Windows\system32\VERSION.dll
0x000007fefa9b0000 - 0x000007fefa9ca000 	C:\JAVA\bin\VCRUNTIME140.dll
0x000007fefa9a0000 - 0x000007fefa9a4000 	C:\JAVA\bin\api-ms-win-crt-runtime-l1-1-0.dll
0x000007fef19a0000 - 0x000007fef1a9a000 	C:\JAVA\bin\ucrtbase.DLL
0x000007fefaac0000 - 0x000007fefaac3000 	C:\JAVA\bin\api-ms-win-core-localization-l1-2-0.dll
0x000007fefa980000 - 0x000007fefa983000 	C:\JAVA\bin\api-ms-win-core-processthreads-l1-1-1.dll
0x000007fefa990000 - 0x000007fefa993000 	C:\JAVA\bin\api-ms-win-core-file-l1-2-0.dll
0x000007fefa8f0000 - 0x000007fefa8f3000 	C:\JAVA\bin\api-ms-win-core-timezone-l1-1-0.dll
0x000007fefa970000 - 0x000007fefa973000 	C:\JAVA\bin\api-ms-win-core-file-l2-1-0.dll
0x000007fefa8d0000 - 0x000007fefa8d3000 	C:\JAVA\bin\api-ms-win-core-synch-l1-2-0.dll
0x000007fefa8e0000 - 0x000007fefa8e3000 	C:\JAVA\bin\api-ms-win-crt-heap-l1-1-0.dll
0x000007fef3cc0000 - 0x000007fef3cc4000 	C:\JAVA\bin\api-ms-win-crt-string-l1-1-0.dll
0x000007fef7630000 - 0x000007fef7634000 	C:\JAVA\bin\api-ms-win-crt-stdio-l1-1-0.dll
0x000007fef3b90000 - 0x000007fef3b94000 	C:\JAVA\bin\api-ms-win-crt-convert-l1-1-0.dll
0x000007fef3ba0000 - 0x000007fef3ba3000 	C:\JAVA\bin\api-ms-win-crt-environment-l1-1-0.dll
0x000007fef3b70000 - 0x000007fef3b73000 	C:\JAVA\bin\api-ms-win-crt-filesystem-l1-1-0.dll
0x000007fef3b80000 - 0x000007fef3b85000 	C:\JAVA\bin\api-ms-win-crt-math-l1-1-0.dll
0x000007fef3b50000 - 0x000007fef3b53000 	C:\JAVA\bin\api-ms-win-crt-locale-l1-1-0.dll
0x000007feff660000 - 0x000007feff68e000 	C:\Windows\system32\IMM32.DLL
0x000007feff1e0000 - 0x000007feff2e9000 	C:\Windows\system32\MSCTF.dll
0x000007fef3b60000 - 0x000007fef3b6c000 	C:\JAVA\bin\vcruntime140_1.dll
0x000007fef1910000 - 0x000007fef199d000 	C:\JAVA\bin\msvcp140.dll
0x000007fef3b30000 - 0x000007fef3b33000 	C:\JAVA\bin\api-ms-win-crt-time-l1-1-0.dll
0x000007fef3b40000 - 0x000007fef3b43000 	C:\JAVA\bin\api-ms-win-crt-utility-l1-1-0.dll
0x000007fed3220000 - 0x000007fed3dde000 	C:\JAVA\bin\server\jvm.dll
0x000007fef90d0000 - 0x000007fef90d9000 	C:\Windows\system32\WSOCK32.dll
0x000007feffb20000 - 0x000007feffb6d000 	C:\Windows\system32\WS2_32.dll
0x000007fefefa0000 - 0x000007fefefa8000 	C:\Windows\system32\NSI.dll
0x000007fefb290000 - 0x000007fefb2cb000 	C:\Windows\system32\WINMM.dll
0x0000000077d40000 - 0x0000000077d47000 	C:\Windows\system32\PSAPI.DLL
0x000007fedd080000 - 0x000007fedd08a000 	C:\JAVA\bin\jimage.dll
0x000007fef4b30000 - 0x000007fef4c55000 	C:\Windows\system32\DBGHELP.DLL
0x000007fed3e30000 - 0x000007fed3e55000 	C:\JAVA\bin\java.dll
0x000007fed3140000 - 0x000007fed3216000 	C:\JAVA\bin\svml.dll
0x000007fefdd60000 - 0x000007fefeaeb000 	C:\Windows\system32\SHELL32.dll
0x000007feffc80000 - 0x000007feffe7f000 	C:\Windows\system32\ole32.dll
0x000007fefd6e0000 - 0x000007fefd6ef000 	C:\Windows\system32\profapi.dll
0x000007fef0480000 - 0x000007fef060f000 	C:\JAVA\bin\awt.dll
0x000007feff8b0000 - 0x000007feff98b000 	C:\Windows\system32\OLEAUT32.dll

dbghelp: loaded successfully - version: 4.0.5 - missing functions: none
symbol engine: initialized successfully - sym options: 0x614 - pdb path: .;C:\JAVA\bin;C:\Windows\SYSTEM32;C:\Windows\WinSxS\amd64_microsoft.windows.common-controls_6595b64144ccf1df_6.0.7601.24380_none_e3731d0b30fb6b11;C:\JAVA\bin\server

VM Arguments:
jvm_args: -Dfile.encoding=UTF-8 -XX:+ShowCodeDetailsInExceptionMessages 
java_command: layoutgame.LayoutSpiel
java_class_path (initial): E:\FernAkademie\WorkSpace\HomeWork-10\bin
Launcher Type: SUN_STANDARD

[Global flags]
     intx CICompilerCount                          = 3                                         {product} {ergonomic}
     uint ConcGCThreads                            = 1                                         {product} {ergonomic}
     uint G1ConcRefinementThreads                  = 4                                         {product} {ergonomic}
   size_t G1HeapRegionSize                         = 1048576                                   {product} {ergonomic}
    uintx GCDrainStackTargetSize                   = 64                                        {product} {ergonomic}
   size_t InitialHeapSize                          = 65011712                                  {product} {ergonomic}
   size_t MarkStackSize                            = 4194304                                   {product} {ergonomic}
   size_t MaxHeapSize                              = 1021313024                                {product} {ergonomic}
   size_t MaxNewSize                               = 612368384                                 {product} {ergonomic}
   size_t MinHeapDeltaBytes                        = 1048576                                   {product} {ergonomic}
   size_t MinHeapSize                              = 8388608                                   {product} {ergonomic}
    uintx NonNMethodCodeHeapSize                   = 5832780                                {pd product} {ergonomic}
    uintx NonProfiledCodeHeapSize                  = 122912730                              {pd product} {ergonomic}
    uintx ProfiledCodeHeapSize                     = 122912730                              {pd product} {ergonomic}
    uintx ReservedCodeCacheSize                    = 251658240                              {pd product} {ergonomic}
     bool SegmentedCodeCache                       = true                                      {product} {ergonomic}
     bool ShowCodeDetailsInExceptionMessages       = true                                   {manageable} {command line}
   size_t SoftMaxHeapSize                          = 1021313024                             {manageable} {ergonomic}
     bool UseCompressedClassPointers               = true                           {product lp64_product} {ergonomic}
     bool UseCompressedOops                        = true                           {product lp64_product} {ergonomic}
     bool UseG1GC                                  = true                                      {product} {ergonomic}
     bool UseLargePagesIndividualAllocation        = false                                  {pd product} {ergonomic}

Logging:
Log output configuration:
 #0: stdout all=warning uptime,level,tags
 #1: stderr all=off uptime,level,tags

Environment Variables:
JAVA_HOME=C:\Java\bin
CLASSPATH=.;
PATH=C:/JAVA/bin/server;C:/JAVA/bin;C:\Program Files (x86)\Common Files\Oracle\Java\javapath;;C:\JAVA\bin;C:\ProgramData\Oracle\Java\javapath;C:\Windows\system32;C:\Windows;C:\Windows\System32\Wbem;C:\Windows\System32\WindowsPowerShell\v1.0\;c:\Program Files (x86)\ATI Technologies\ATI.ACE\Core-Static;C:\Program Files (x86)\Zillya Antivirus\;C:\Program Files\nodejs\;C:\Program Files\Git\cmd;;C:\Deda\Microsoft VS Code\bin;C:\Users\Ира\AppData\Roaming\npm;E:\Java\IntelliJ IDEA Community Edition 2021.3\bin;;C:\Windows\system32;
USERNAME=Ира
OS=Windows_NT
PROCESSOR_IDENTIFIER=Intel64 Family 6 Model 37 Stepping 5, GenuineIntel



---------------  S Y S T E M  ---------------

OS:
 Windows 7 , 64 bit Build 7601 (6.1.7601.24408)
OS uptime: 7 days 19:36 hours

CPU: total 4 (initial active 4) (2 cores per cpu, 2 threads per core) family 6 model 37 stepping 5 microcode 0x0, cx8, cmov, fxsr, ht, mmx, sse, sse2, sse3, ssse3, sse4.1, sse4.2, popcnt, tsc, tscinvbit, clflush

Memory: 4k page, system-wide physical 3893M (309M free)
TotalPageFile size 15573M (AvailPageFile size 4M)
current process WorkingSet (physical memory assigned to process): 34M, peak: 34M
current process commit charge ("private bytes"): 140M, peak: 140M

vm_info: Java HotSpot(TM) 64-Bit Server VM (17.0.1+12-LTS-39) for windows-amd64 JRE (17.0.1+12-LTS-39), built on Sep 27 2021 18:41:35 by "mach5one" with MS VC++ 16.8 (VS2019)

END.
