#
# There is insufficient memory for the Java Runtime Environment to continue.
# Native memory allocation (mmap) failed to map 65011712 bytes for G1 virtual space
# Possible reasons:
#   The system is out of physical RAM or swap space
#   The process is running with CompressedOops enabled, and the Java Heap may be blocking the growth of the native heap
# Possible solutions:
#   Reduce memory load on the system
#   Increase physical memory or swap space
#   Check if swap backing store is full
#   Decrease Java heap size (-Xmx/-Xms)
#   Decrease number of Java threads
#   Decrease Java thread stack sizes (-Xss)
#   Set larger code cache with -XX:ReservedCodeCacheSize=
#   JVM is running with Unscaled Compressed Oops mode in which the Java heap is
#     placed in the first 4GB address space. The Java Heap base address is the
#     maximum limit for the native heap growth. Please use -XX:HeapBaseMinAddress
#     to set the Java Heap base and to place the Java Heap above 4GB virtual address.
# This output file may be truncated or incomplete.
#
#  Out of Memory Error (os_windows.cpp:3469), pid=7892, tid=7444
#
# JRE version:  (17.0.1+12) (build )
# Java VM: Java HotSpot(TM) 64-Bit Server VM (17.0.1+12-LTS-39, mixed mode, sharing, tiered, compressed oops, compressed class ptrs, g1 gc, windows-amd64)
# No core dump will be written. Minidumps are not enabled by default on client versions of Windows
#

---------------  S U M M A R Y ------------

Command Line: -Dfile.encoding=UTF-8 -XX:+ShowCodeDetailsInExceptionMessages layoutgame.LayoutSpiel

Host: Intel(R) Core(TM) i5 CPU       M 450  @ 2.40GHz, 4 cores, 3G,  Windows 7 , 64 bit Build 7601 (6.1.7601.24408)
Time: Fri Nov  4 11:26:18 2022 Западная Европа (зима) elapsed time: 0.299179 seconds (0d 0h 0m 0s)

---------------  T H R E A D  ---------------

Current thread (0x00000000003c6b80):  JavaThread "Unknown thread" [_thread_in_vm, id=7444, stack(0x0000000002190000,0x0000000002290000)]

Stack: [0x0000000002190000,0x0000000002290000]
Native frames: (J=compiled Java code, j=interpreted, Vv=VM code, C=native code)
V  [jvm.dll+0x66fa1a]
V  [jvm.dll+0x7ce5a4]
V  [jvm.dll+0x7cfd4e]
V  [jvm.dll+0x7d03b3]
V  [jvm.dll+0x242b05]
V  [jvm.dll+0x66ca39]
V  [jvm.dll+0x661502]
V  [jvm.dll+0x30081b]
V  [jvm.dll+0x307da6]
V  [jvm.dll+0x357a1e]
V  [jvm.dll+0x357c4f]
V  [jvm.dll+0x2d7ad8]
V  [jvm.dll+0x2d8a44]
V  [jvm.dll+0x7a01e1]
V  [jvm.dll+0x365791]
V  [jvm.dll+0x77f6cc]
V  [jvm.dll+0x3e812f]
V  [jvm.dll+0x3e9bd1]
C  [jli.dll+0x527b]
C  [ucrtbase.DLL+0x1d912]
C  [kernel32.dll+0x1555d]
C  [ntdll.dll+0x5385d]


---------------  P R O C E S S  ---------------

Threads class SMR info:
_java_thread_list=0x000007fee9e17818, length=0, elements={
}

Java Threads: ( => current thread )

Other Threads:
  0x00000000003f8390 GCTaskThread "GC Thread#0" [stack: 0x000000001b9a0000,0x000000001baa0000] [id=7572]
  0x0000000000400ba0 ConcurrentGCThread "G1 Main Marker" [stack: 0x000000001bb10000,0x000000001bc10000] [id=8500]
  0x0000000000404080 ConcurrentGCThread "G1 Conc#0" [stack: 0x000000001bc90000,0x000000001bd90000] [id=13472]

[error occurred during error reporting (printing all threads), id 0xc0000005, EXCEPTION_ACCESS_VIOLATION (0xc0000005) at pc=0x000007fee96684b7]

VM state: not at safepoint (not fully initialized)

VM Mutex/Monitor currently owned by a thread:  ([mutex/lock_event])
[0x00000000003c15c0] Heap_lock - owner thread: 0x00000000003c6b80

Heap address: 0x00000000c3200000, size: 974 MB, Compressed Oops mode: 32-bit

CDS archive(s) mapped at: [0x0000000000000000-0x0000000000000000-0x0000000000000000), size 0, SharedBaseAddress: 0x0000000800000000, ArchiveRelocationMode: 0.
Narrow klass base: 0x0000000000000000, Narrow klass shift: 0, Narrow klass range: 0x0

GC Precious Log:
<Empty>

Heap:
 garbage-first heap   total 0K, used 0K [0x00000000c3200000, 0x0000000100000000)
  region size 1024K, 0 young (0K), 0 survivors (0K)

[error occurred during error reporting (printing heap information), id 0xc0000005, EXCEPTION_ACCESS_VIOLATION (0xc0000005) at pc=0x000007fee9a48d89]

GC Heap History (0 events):
No events

Deoptimization events (0 events):
No events

Classes unloaded (0 events):
No events

Classes redefined (0 events):
No events

Internal exceptions (0 events):
No events

VM Operations (0 events):
No events

Events (1 events):
Event: 0.010 Loaded shared library C:\JAVA\bin\java.dll


Dynamic libraries:
0x000000013f9b0000 - 0x000000013f9c0000 	C:\JAVA\bin\javaw.exe
0x0000000077b90000 - 0x0000000077d2f000 	C:\Windows\SYSTEM32\ntdll.dll
0x0000000077970000 - 0x0000000077a8f000 	C:\Windows\system32\kernel32.dll
0x000007fefd9d0000 - 0x000007fefda3a000 	C:\Windows\system32\KERNELBASE.dll
0x000007fef36a0000 - 0x000007fef36b8000 	C:\JAVA\bin\jli.dll
0x000007fefdc80000 - 0x000007fefdd5b000 	C:\Windows\system32\ADVAPI32.dll
0x000007feff6b0000 - 0x000007feff74f000 	C:\Windows\system32\msvcrt.dll
0x000007feffc60000 - 0x000007feffc7f000 	C:\Windows\SYSTEM32\sechost.dll
0x000007feff990000 - 0x000007feffabc000 	C:\Windows\system32\RPCRT4.dll
0x000007fefc280000 - 0x000007fefc475000 	C:\Windows\WinSxS\amd64_microsoft.windows.common-controls_6595b64144ccf1df_6.0.7601.24380_none_e3731d0b30fb6b11\COMCTL32.dll
0x000007feffbf0000 - 0x000007feffc57000 	C:\Windows\system32\GDI32.dll
0x0000000077a90000 - 0x0000000077b8a000 	C:\Windows\system32\USER32.dll
0x000007feff820000 - 0x000007feff82e000 	C:\Windows\system32\LPK.dll
0x000007feff750000 - 0x000007feff81b000 	C:\Windows\system32\USP10.dll
0x000007feffb70000 - 0x000007feffbe1000 	C:\Windows\system32\SHLWAPI.dll
0x000007fefc770000 - 0x000007fefc77c000 	C:\Windows\system32\VERSION.dll
0x000007fef3840000 - 0x000007fef385a000 	C:\JAVA\bin\VCRUNTIME140.dll
0x000007fef7630000 - 0x000007fef7634000 	C:\JAVA\bin\api-ms-win-crt-runtime-l1-1-0.dll
0x000007fef19a0000 - 0x000007fef1a9a000 	C:\JAVA\bin\ucrtbase.DLL
0x000007fefa950000 - 0x000007fefa953000 	C:\JAVA\bin\api-ms-win-core-localization-l1-2-0.dll
0x000007fef3830000 - 0x000007fef3833000 	C:\JAVA\bin\api-ms-win-core-processthreads-l1-1-1.dll
0x000007fef3c00000 - 0x000007fef3c03000 	C:\JAVA\bin\api-ms-win-core-file-l1-2-0.dll
0x000007fef3680000 - 0x000007fef3683000 	C:\JAVA\bin\api-ms-win-core-timezone-l1-1-0.dll
0x000007fef3690000 - 0x000007fef3693000 	C:\JAVA\bin\api-ms-win-core-file-l2-1-0.dll
0x000007fef3660000 - 0x000007fef3663000 	C:\JAVA\bin\api-ms-win-core-synch-l1-2-0.dll
0x000007fef3670000 - 0x000007fef3673000 	C:\JAVA\bin\api-ms-win-crt-heap-l1-1-0.dll
0x000007fef3640000 - 0x000007fef3644000 	C:\JAVA\bin\api-ms-win-crt-string-l1-1-0.dll
0x000007fef3650000 - 0x000007fef3654000 	C:\JAVA\bin\api-ms-win-crt-stdio-l1-1-0.dll
0x000007fef34e0000 - 0x000007fef34e4000 	C:\JAVA\bin\api-ms-win-crt-convert-l1-1-0.dll
0x000007fef34f0000 - 0x000007fef34f3000 	C:\JAVA\bin\api-ms-win-crt-environment-l1-1-0.dll
0x000007fef3160000 - 0x000007fef3163000 	C:\JAVA\bin\api-ms-win-crt-filesystem-l1-1-0.dll
0x000007fef34d0000 - 0x000007fef34d5000 	C:\JAVA\bin\api-ms-win-crt-math-l1-1-0.dll
0x000007fef3090000 - 0x000007fef3093000 	C:\JAVA\bin\api-ms-win-crt-locale-l1-1-0.dll
0x000007feff660000 - 0x000007feff68e000 	C:\Windows\system32\IMM32.DLL
0x000007feff1e0000 - 0x000007feff2e9000 	C:\Windows\system32\MSCTF.dll
0x000007fef30a0000 - 0x000007fef30ac000 	C:\JAVA\bin\vcruntime140_1.dll
0x000007fef2020000 - 0x000007fef20ad000 	C:\JAVA\bin\msvcp140.dll
0x000007fef2790000 - 0x000007fef2793000 	C:\JAVA\bin\api-ms-win-crt-time-l1-1-0.dll
0x000007fef2ee0000 - 0x000007fef2ee3000 	C:\JAVA\bin\api-ms-win-crt-utility-l1-1-0.dll
0x000007fee9380000 - 0x000007fee9f3e000 	C:\JAVA\bin\server\jvm.dll
0x000007fef90d0000 - 0x000007fef90d9000 	C:\Windows\system32\WSOCK32.dll
0x000007feffb20000 - 0x000007feffb6d000 	C:\Windows\system32\WS2_32.dll
0x000007fefefa0000 - 0x000007fefefa8000 	C:\Windows\system32\NSI.dll
0x000007fefb290000 - 0x000007fefb2cb000 	C:\Windows\system32\WINMM.dll
0x0000000077d40000 - 0x0000000077d47000 	C:\Windows\system32\PSAPI.DLL
0x000007fefba20000 - 0x000007fefba2a000 	C:\JAVA\bin\jimage.dll
0x000007fef4b30000 - 0x000007fef4c55000 	C:\Windows\system32\DBGHELP.DLL
0x000007fefa9f0000 - 0x000007fefaa15000 	C:\JAVA\bin\java.dll

dbghelp: loaded successfully - version: 4.0.5 - missing functions: none
symbol engine: initialized successfully - sym options: 0x614 - pdb path: .;C:\JAVA\bin;C:\Windows\SYSTEM32;C:\Windows\WinSxS\amd64_microsoft.windows.common-controls_6595b64144ccf1df_6.0.7601.24380_none_e3731d0b30fb6b11;C:\JAVA\bin\server

VM Arguments:
jvm_args: -Dfile.encoding=UTF-8 -XX:+ShowCodeDetailsInExceptionMessages 
java_command: layoutgame.LayoutSpiel
java_class_path (initial): E:\FernAkademie\WorkSpace\HomeWork-10\bin
Launcher Type: SUN_STANDARD

[Global flags]
     intx CICompilerCount                          = 3                                         {product} {ergonomic}
     uint ConcGCThreads                            = 1                                         {product} {ergonomic}
     uint G1ConcRefinementThreads                  = 4                                         {product} {ergonomic}
   size_t G1HeapRegionSize                         = 1048576                                   {product} {ergonomic}
    uintx GCDrainStackTargetSize                   = 64                                        {product} {ergonomic}
   size_t InitialHeapSize                          = 65011712                                  {product} {ergonomic}
   size_t MarkStackSize                            = 4194304                                   {product} {ergonomic}
   size_t MaxHeapSize                              = 1021313024                                {product} {ergonomic}
   size_t MinHeapDeltaBytes                        = 1048576                                   {product} {ergonomic}
   size_t MinHeapSize                              = 8388608                                   {product} {ergonomic}
    uintx NonNMethodCodeHeapSize                   = 5832780                                {pd product} {ergonomic}
    uintx NonProfiledCodeHeapSize                  = 122912730                              {pd product} {ergonomic}
    uintx ProfiledCodeHeapSize                     = 122912730                              {pd product} {ergonomic}
    uintx ReservedCodeCacheSize                    = 251658240                              {pd product} {ergonomic}
     bool SegmentedCodeCache                       = true                                      {product} {ergonomic}
     bool ShowCodeDetailsInExceptionMessages       = true                                   {manageable} {command line}
   size_t SoftMaxHeapSize                          = 1021313024                             {manageable} {ergonomic}
     bool UseCompressedClassPointers               = true                           {product lp64_product} {ergonomic}
     bool UseCompressedOops                        = true                           {product lp64_product} {ergonomic}
     bool UseG1GC                                  = true                                      {product} {ergonomic}
     bool UseLargePagesIndividualAllocation        = false                                  {pd product} {ergonomic}

Logging:
Log output configuration:
 #0: stdout all=warning uptime,level,tags
 #1: stderr all=off uptime,level,tags

Environment Variables:
JAVA_HOME=C:\Java\bin
CLASSPATH=.;
PATH=C:/JAVA/bin/server;C:/JAVA/bin;C:\Program Files (x86)\Common Files\Oracle\Java\javapath;;C:\JAVA\bin;C:\ProgramData\Oracle\Java\javapath;C:\Windows\system32;C:\Windows;C:\Windows\System32\Wbem;C:\Windows\System32\WindowsPowerShell\v1.0\;c:\Program Files (x86)\ATI Technologies\ATI.ACE\Core-Static;C:\Program Files (x86)\Zillya Antivirus\;C:\Program Files\nodejs\;C:\Program Files\Git\cmd;;C:\Deda\Microsoft VS Code\bin;C:\Users\Ира\AppData\Roaming\npm;E:\Java\IntelliJ IDEA Community Edition 2021.3\bin;;C:\Users\Ира\Desktop;
USERNAME=Ира
OS=Windows_NT
PROCESSOR_IDENTIFIER=Intel64 Family 6 Model 37 Stepping 5, GenuineIntel



---------------  S Y S T E M  ---------------

OS:
 Windows 7 , 64 bit Build 7601 (6.1.7601.24408)
OS uptime: 10 days 15:14 hours

CPU: total 4 (initial active 4) (2 cores per cpu, 2 threads per core) family 6 model 37 stepping 5 microcode 0x0, cx8, cmov, fxsr, ht, mmx, sse, sse2, sse3, ssse3, sse4.1, sse4.2, popcnt, tsc, tscinvbit, clflush

Memory: 4k page, system-wide physical 3893M (323M free)
TotalPageFile size 15573M (AvailPageFile size 13M)
current process WorkingSet (physical memory assigned to process): 10M, peak: 10M
current process commit charge ("private bytes"): 56M, peak: 116M

vm_info: Java HotSpot(TM) 64-Bit Server VM (17.0.1+12-LTS-39) for windows-amd64 JRE (17.0.1+12-LTS-39), built on Sep 27 2021 18:41:35 by "mach5one" with MS VC++ 16.8 (VS2019)

END.
